android/app/build/intermediates/manifest_merge_blame_file/debug/manifest-merger-blame-debug-report.txt
1<?xml version="1.0" encoding="utf-8"?>
2<manifest xmlns:android="http://schemas.android.com/apk/res/android"
3    package="com.phondialer"
4    android:versionCode="1"
5    android:versionName="1.0" >
6
7    <uses-sdk
8        android:minSdkVersion="16"
9        android:targetSdkVersion="29" />
10
11    <uses-permission android:name="android.permission.SYSTEM_ALERT_WINDOW" />
11-->src/debug/AndroidManifest.xml:5:5-77
11-->src/debug/AndroidManifest.xml:5:22-75
12    <uses-permission android:name="android.permission.INTERNET" />
12-->src/main/AndroidManifest.xml:4:5-67
12-->src/main/AndroidManifest.xml:4:22-64
13    <uses-permission android:name="android.permission.WRITE_CONTACTS" />
13-->src/main/AndroidManifest.xml:5:1-69
13-->src/main/AndroidManifest.xml:5:18-66
14    <uses-permission android:name="android.permission.READ_CONTACTS" />
14-->src/main/AndroidManifest.xml:6:1-68
14-->src/main/AndroidManifest.xml:6:18-65
15    <uses-permission android:name="android.permission.CAMERA" />
15-->src/main/AndroidManifest.xml:7:1-60
15-->src/main/AndroidManifest.xml:7:18-58
16    <uses-permission android:name="android.permission.WRITE_EXTERNAL_STORAGE" />
16-->src/main/AndroidManifest.xml:8:1-76
16-->src/main/AndroidManifest.xml:8:18-74
17    <uses-permission android:name="android.permission.ACCESS_WIFI_STATE" />
17-->[com.facebook.flipper:flipper:0.54.0] AndroidManifest.xml:16:5-76
17-->[com.facebook.flipper:flipper:0.54.0] AndroidManifest.xml:16:22-73
18    <uses-permission android:name="android.permission.READ_CALL_LOG" />
18-->[:react-native-call-log] AndroidManifest.xml:11:5-72
18-->[:react-native-call-log] AndroidManifest.xml:11:22-69
19
20    <application
20-->src/main/AndroidManifest.xml:11:5-30:19
21        android:name="com.phondialer.MainApplication"
21-->src/main/AndroidManifest.xml:12:7-38
22        android:allowBackup="false"
22-->src/main/AndroidManifest.xml:16:7-34
23        android:appComponentFactory="androidx.core.app.CoreComponentFactory"
23-->[androidx.core:core:1.1.0] AndroidManifest.xml:24:18-86
24        android:debuggable="true"
25        android:icon="@mipmap/ic_launcher"
25-->src/main/AndroidManifest.xml:14:7-41
26        android:label="@string/app_name"
26-->src/main/AndroidManifest.xml:13:7-39
27        android:roundIcon="@mipmap/ic_launcher_round"
27-->src/main/AndroidManifest.xml:15:7-52
28        android:theme="@style/AppTheme"
28-->src/main/AndroidManifest.xml:17:7-38
29        android:usesCleartextTraffic="true" >
29-->src/debug/AndroidManifest.xml:7:18-53
30        <activity
30-->src/main/AndroidManifest.xml:18:7-28:18
31            android:name="com.phondialer.MainActivity"
31-->src/main/AndroidManifest.xml:19:9-37
32            android:configChanges="keyboard|keyboardHidden|orientation|screenSize|uiMode"
32-->src/main/AndroidManifest.xml:21:9-86
33            android:label="@string/app_name"
33-->src/main/AndroidManifest.xml:20:9-41
34            android:launchMode="singleTask"
34-->src/main/AndroidManifest.xml:22:9-40
35            android:windowSoftInputMode="adjustResize" >
35-->src/main/AndroidManifest.xml:23:9-51
36            <intent-filter>
36-->src/main/AndroidManifest.xml:24:9-27:25
37                <action android:name="android.intent.action.MAIN" />
37-->src/main/AndroidManifest.xml:25:13-65
37-->src/main/AndroidManifest.xml:25:21-62
38
39                <category android:name="android.intent.category.LAUNCHER" />
39-->src/main/AndroidManifest.xml:26:13-73
39-->src/main/AndroidManifest.xml:26:23-70
40            </intent-filter>
41        </activity>
42        <activity android:name="com.facebook.react.devsupport.DevSettingsActivity" />
42-->src/main/AndroidManifest.xml:29:7-84
42-->src/main/AndroidManifest.xml:29:17-81
43
44        <provider
44-->[:react-native-image-picker] AndroidManifest.xml:10:9-18:20
45            android:name="com.imagepicker.FileProvider"
45-->[:react-native-image-picker] AndroidManifest.xml:11:13-56
46            android:authorities="com.phondialer.provider"
46-->[:react-native-image-picker] AndroidManifest.xml:12:13-60
47            android:exported="false"
47-->[:react-native-image-picker] AndroidManifest.xml:13:13-37
48            android:grantUriPermissions="true" >
48-->[:react-native-image-picker] AndroidManifest.xml:14:13-47
49            <meta-data
49-->[:react-native-image-picker] AndroidManifest.xml:15:13-17:58
50                android:name="android.support.FILE_PROVIDER_PATHS"
50-->[:react-native-image-picker] AndroidManifest.xml:16:17-67
51                android:resource="@xml/provider_paths" />
51-->[:react-native-image-picker] AndroidManifest.xml:17:17-55
52        </provider>
53    </application>
54
55</manifest>